2020-11-09 22:54:53.182  INFO 17716 --- [           main] s.c.a.AnnotationConfigApplicationContext : Refreshing org.springframework.context.annotation.AnnotationConfigApplicationContext@c2e1f26: startup date [Mon Nov 09 22:54:53 CET 2020]; root of context hierarchy
2020-11-09 22:55:01.363  INFO 17716 --- [           main] f.a.AutowiredAnnotationBeanPostProcessor : JSR-330 'javax.inject.Inject' annotation found and supported for autowiring
2020-11-09 22:55:02.439  INFO 17716 --- [           main] trationDelegate$BeanPostProcessorChecker : Bean 'configurationPropertiesRebinderAutoConfiguration' of type [org.springframework.cloud.autoconfigure.ConfigurationPropertiesRebinderAutoConfiguration$$EnhancerBySpringCGLIB$$2cf30885] is not eligible for getting processed by all BeanPostProcessors (for example: not eligible for auto-proxying)

  .   ____          _            __ _ _
 /\\ / ___'_ __ _ _(_)_ __  __ _ \ \ \ \
( ( )\___ | '_ | '_| | '_ \/ _` | \ \ \ \
 \\/  ___)| |_)| | | | | || (_| |  ) ) ) )
  '  |____| .__|_| |_|_| |_\__, | / / / /
 =========|_|==============|___/=/_/_/_/
 :: Spring Boot ::       (v1.5.12.RELEASE)

2020-11-09 22:55:26.272  INFO 17716 --- [           main] ationConfigEmbeddedWebApplicationContext : Refreshing org.springframework.boot.context.embedded.AnnotationConfigEmbeddedWebApplicationContext@6d4b1c02: startup date [Mon Nov 09 22:55:26 CET 2020]; parent: org.springframework.context.annotation.AnnotationConfigApplicationContext@c2e1f26
2020-11-09 22:55:55.470  INFO 17716 --- [           main] .s.d.r.c.RepositoryConfigurationDelegate : Multiple Spring Data modules found, entering strict repository configuration mode!
2020-11-09 22:56:03.934  INFO 17716 --- [           main] o.s.cloud.context.scope.GenericScope     : BeanFactory id=6c90c927-e4af-34e6-b94a-86fcf2e5b8e5
2020-11-09 22:56:03.997  INFO 17716 --- [           main] f.a.AutowiredAnnotationBeanPostProcessor : JSR-330 'javax.inject.Inject' annotation found and supported for autowiring
2020-11-09 22:56:05.340  INFO 17716 --- [           main] trationDelegate$BeanPostProcessorChecker : Bean 'org.springframework.cloud.netflix.metrics.MetricsInterceptorConfiguration$MetricsRestTemplateConfiguration' of type [org.springframework.cloud.netflix.metrics.MetricsInterceptorConfiguration$MetricsRestTemplateConfiguration$$EnhancerBySpringCGLIB$$4305abc9] is not eligible for getting processed by all BeanPostProcessors (for example: not eligible for auto-proxying)
2020-11-09 22:56:05.445  INFO 17716 --- [           main] trationDelegate$BeanPostProcessorChecker : Bean 'org.springframework.transaction.annotation.ProxyTransactionManagementConfiguration' of type [org.springframework.transaction.annotation.ProxyTransactionManagementConfiguration$$EnhancerBySpringCGLIB$$10d90588] is not eligible for getting processed by all BeanPostProcessors (for example: not eligible for auto-proxying)
2020-11-09 22:56:05.935  INFO 17716 --- [           main] trationDelegate$BeanPostProcessorChecker : Bean 'org.springframework.cloud.autoconfigure.ConfigurationPropertiesRebinderAutoConfiguration' of type [org.springframework.cloud.autoconfigure.ConfigurationPropertiesRebinderAutoConfiguration$$EnhancerBySpringCGLIB$$2cf30885] is not eligible for getting processed by all BeanPostProcessors (for example: not eligible for auto-proxying)
2020-11-09 22:56:26.396  INFO 17716 --- [           main] s.b.c.e.t.TomcatEmbeddedServletContainer : Tomcat initialized with port(s): 18089 (http)
2020-11-09 22:56:51.471  INFO 17716 --- [           main] com.zaxxer.hikari.HikariDataSource       : HikariPool-1 - Started.
2020-11-09 22:57:12.891  WARN 17716 --- [           main] c.n.c.sources.URLConfigurationSource     : No URLs will be polled as dynamic configuration sources.
2020-11-09 22:57:13.465  WARN 17716 --- [           main] c.n.c.sources.URLConfigurationSource     : No URLs will be polled as dynamic configuration sources.
2020-11-09 22:58:04.199  WARN 17716 --- [           main] o.f.core.internal.database.Database      : Flyway upgrade recommended: MySQL 8.0 is newer than this version of Flyway and support has not been tested.
2020-11-09 22:58:05.598  WARN 17716 --- [           main] o.f.core.internal.command.DbMigrate      : outOfOrder mode is active. Migration of schema `xcolab4` may not be reproducible.
2020-11-09 22:58:45.781  INFO 17716 --- [           main] o.s.c.support.DefaultLifecycleProcessor  : Starting beans in phase 0
2020-11-09 22:58:46.065  INFO 17716 --- [           main] o.s.c.n.eureka.InstanceInfoFactory       : Setting initial instance status as: STARTING
2020-11-09 22:59:11.330  INFO 17716 --- [           main] o.s.c.n.e.s.EurekaServiceRegistry        : Registering application xcolab-emails-service with eureka with status UP
2020-11-09 22:59:21.296  INFO 17716 --- [           main] s.b.c.e.t.TomcatEmbeddedServletContainer : Tomcat started on port(s): 18089 (http)
2020-11-09 22:59:21.302  INFO 17716 --- [           main] .s.c.n.e.s.EurekaAutoServiceRegistration : Updating port to 18089
