2020-11-09 22:59:14.133  INFO 5084 --- [           main] s.c.a.AnnotationConfigApplicationContext : Refreshing org.springframework.context.annotation.AnnotationConfigApplicationContext@2401f4c3: startup date [Mon Nov 09 22:59:14 CET 2020]; root of context hierarchy
2020-11-09 22:59:23.424  INFO 5084 --- [           main] f.a.AutowiredAnnotationBeanPostProcessor : JSR-330 'javax.inject.Inject' annotation found and supported for autowiring
2020-11-09 22:59:25.546  INFO 5084 --- [           main] trationDelegate$BeanPostProcessorChecker : Bean 'configurationPropertiesRebinderAutoConfiguration' of type [org.springframework.cloud.autoconfigure.ConfigurationPropertiesRebinderAutoConfiguration$$EnhancerBySpringCGLIB$$97ff57be] is not eligible for getting processed by all BeanPostProcessors (for example: not eligible for auto-proxying)

  .   ____          _            __ _ _
 /\\ / ___'_ __ _ _(_)_ __  __ _ \ \ \ \
( ( )\___ | '_ | '_| | '_ \/ _` | \ \ \ \
 \\/  ___)| |_)| | | | | || (_| |  ) ) ) )
  '  |____| .__|_| |_|_| |_\__, | / / / /
 =========|_|==============|___/=/_/_/_/
 :: Spring Boot ::       (v1.5.12.RELEASE)

2020-11-09 22:59:38.601  INFO 5084 --- [           main] ationConfigEmbeddedWebApplicationContext : Refreshing org.springframework.boot.context.embedded.AnnotationConfigEmbeddedWebApplicationContext@74a10858: startup date [Mon Nov 09 22:59:38 CET 2020]; parent: org.springframework.context.annotation.AnnotationConfigApplicationContext@2401f4c3
2020-11-09 23:00:07.576  INFO 5084 --- [           main] .s.d.r.c.RepositoryConfigurationDelegate : Multiple Spring Data modules found, entering strict repository configuration mode!
2020-11-09 23:00:15.513  INFO 5084 --- [           main] o.s.b.f.s.DefaultListableBeanFactory     : Overriding bean definition for bean 'restTemplate' with a different definition: replacing [Root bean: class [null]; scope=; abstract=false; lazyInit=false; autowireMode=3; dependencyCheck=0; autowireCandidate=true; primary=false; factoryBeanName=webConfig; factoryMethodName=restTemplate; initMethodName=null; destroyMethodName=(inferred); defined in class path resource [org/xcolab/view/config/spring/beans/WebConfig.class]] with [Root bean: class [null]; scope=; abstract=false; lazyInit=false; autowireMode=3; dependencyCheck=0; autowireCandidate=true; primary=false; factoryBeanName=org.xcolab.util.autoconfigure.DiscoveryAutoConfiguration; factoryMethodName=restTemplate; initMethodName=null; destroyMethodName=(inferred); defined in class path resource [org/xcolab/util/autoconfigure/DiscoveryAutoConfiguration.class]]
2020-11-09 23:00:16.648  INFO 5084 --- [           main] o.s.cloud.context.scope.GenericScope     : BeanFactory id=adc603b3-36a3-3b2c-ac84-a2e8d9cbb5cf
2020-11-09 23:00:17.035  INFO 5084 --- [           main] trationDelegate$BeanPostProcessorChecker : Bean 'asyncConfig' of type [org.xcolab.view.config.spring.beans.AsyncConfig$$EnhancerBySpringCGLIB$$16497f16] is not eligible for getting processed by all BeanPostProcessors (for example: not eligible for auto-proxying)
2020-11-09 23:00:18.581  INFO 5084 --- [           main] trationDelegate$BeanPostProcessorChecker : Bean 'security.oauth2.client-org.springframework.boot.autoconfigure.security.oauth2.OAuth2ClientProperties' of type [org.springframework.boot.autoconfigure.security.oauth2.OAuth2ClientProperties] is not eligible for getting processed by all BeanPostProcessors (for example: not eligible for auto-proxying)
2020-11-09 23:00:18.599  INFO 5084 --- [           main] trationDelegate$BeanPostProcessorChecker : Bean 'org.springframework.boot.autoconfigure.security.oauth2.OAuth2AutoConfiguration' of type [org.springframework.boot.autoconfigure.security.oauth2.OAuth2AutoConfiguration$$EnhancerBySpringCGLIB$$332f10c1] is not eligible for getting processed by all BeanPostProcessors (for example: not eligible for auto-proxying)
2020-11-09 23:00:18.665  INFO 5084 --- [           main] trationDelegate$BeanPostProcessorChecker : Bean 'resourceServerProperties' of type [org.springframework.boot.autoconfigure.security.oauth2.resource.ResourceServerProperties] is not eligible for getting processed by all BeanPostProcessors (for example: not eligible for auto-proxying)
2020-11-09 23:00:18.697  INFO 5084 --- [           main] trationDelegate$BeanPostProcessorChecker : Bean 'org.springframework.cloud.netflix.metrics.MetricsInterceptorConfiguration$MetricsRestTemplateConfiguration' of type [org.springframework.cloud.netflix.metrics.MetricsInterceptorConfiguration$MetricsRestTemplateConfiguration$$EnhancerBySpringCGLIB$$ae11fb02] is not eligible for getting processed by all BeanPostProcessors (for example: not eligible for auto-proxying)
2020-11-09 23:00:18.813  INFO 5084 --- [           main] trationDelegate$BeanPostProcessorChecker : Bean 'org.springframework.cloud.autoconfigure.ConfigurationPropertiesRebinderAutoConfiguration' of type [org.springframework.cloud.autoconfigure.ConfigurationPropertiesRebinderAutoConfiguration$$EnhancerBySpringCGLIB$$97ff57be] is not eligible for getting processed by all BeanPostProcessors (for example: not eligible for auto-proxying)
2020-11-09 23:00:19.107  WARN 5084 --- [           main] o.x.v.c.s.beans.WebSecurityBeansConfig   : No application secret configured - generating one-time secret.
2020-11-09 23:00:19.108  WARN 5084 --- [           main] o.x.v.c.s.beans.WebSecurityBeansConfig   : Generated secret key: 2e5c452d-807c-4296-bf56-510e472d8548
2020-11-09 23:00:20.271  INFO 5084 --- [           main] o.x.view.config.spring.beans.WebConfig   : Configured AJP connector on port 18010
